2022-09-08 17:07:56,574::CENTER-OUT::INFO::Could not set active state of diagram
2022-09-08 17:08:21,182::CENTER-OUT::INFO::Finished processing state idle exit callbacks.
2022-09-08 17:08:21,182::CENTER-OUT::INFO::Finished processing state t1_pre enter callbacks.
2022-09-08 17:08:21,193::CENTER-OUT::INFO::Finished processing state t1_pre exit callbacks.
2022-09-08 17:08:21,193::CENTER-OUT::INFO::Finished processing state t1_hold_1 enter callbacks.
2022-09-08 17:08:21,722::CENTER-OUT::INFO::Finished processing state t1_hold_1 exit callbacks.
2022-09-08 17:08:21,722::CENTER-OUT::INFO::Finished processing state t1_hold_2 enter callbacks.
2022-09-08 17:08:21,723::CENTER-OUT::INFO::Timeout state t1_hold_1 processed.
2022-09-08 17:08:22,280::CENTER-OUT::INFO::Finished processing state t1_hold_2 exit callbacks.
2022-09-08 17:08:22,280::CENTER-OUT::INFO::Finished processing state go enter callbacks.
2022-09-08 17:08:22,281::CENTER-OUT::INFO::Timeout state t1_hold_2 processed.
2022-09-08 17:08:22,777::CENTER-OUT::INFO::Finished processing state go exit callbacks.
2022-09-08 17:08:22,777::CENTER-OUT::INFO::Finished processing state t1_pre enter callbacks.
2022-09-08 17:08:22,778::CENTER-OUT::INFO::Timeout state go processed.
2022-09-08 17:08:22,792::CENTER-OUT::INFO::Finished processing state t1_pre exit callbacks.
2022-09-08 17:08:22,792::CENTER-OUT::INFO::Finished processing state t1_hold_1 enter callbacks.
2022-09-08 17:08:22,983::CENTER-OUT::INFO::Finished processing state t1_hold_1 exit callbacks.
2022-09-08 17:08:22,983::CENTER-OUT::INFO::Finished processing state t1_pre enter callbacks.
2022-09-08 17:08:23,322::CENTER-OUT::INFO::Finished processing state t1_pre exit callbacks.
2022-09-08 17:08:23,322::CENTER-OUT::INFO::Finished processing state t1_hold_1 enter callbacks.
2022-09-08 17:08:23,897::CENTER-OUT::INFO::Finished processing state t1_hold_1 exit callbacks.
2022-09-08 17:08:23,897::CENTER-OUT::INFO::Finished processing state t1_hold_2 enter callbacks.
2022-09-08 17:08:23,897::CENTER-OUT::INFO::Timeout state t1_hold_1 processed.
2022-09-08 17:08:24,440::CENTER-OUT::INFO::Finished processing state t1_hold_2 exit callbacks.
2022-09-08 17:08:24,440::CENTER-OUT::INFO::Finished processing state go enter callbacks.
2022-09-08 17:08:24,441::CENTER-OUT::INFO::Timeout state t1_hold_2 processed.
2022-09-08 17:08:24,908::CENTER-OUT::INFO::Finished processing state go exit callbacks.
2022-09-08 17:08:24,908::CENTER-OUT::INFO::Finished processing state move enter callbacks.
2022-09-08 17:08:24,969::CENTER-OUT::INFO::Finished processing state move exit callbacks.
2022-09-08 17:08:24,969::CENTER-OUT::INFO::Finished processing state t2_hold_1 enter callbacks.
2022-09-08 17:08:25,048::CENTER-OUT::INFO::Finished processing state t2_hold_1 exit callbacks.
2022-09-08 17:08:25,048::CENTER-OUT::INFO::Finished processing state overshoot enter callbacks.
2022-09-08 17:08:25,305::CENTER-OUT::INFO::Finished processing state overshoot exit callbacks.
2022-09-08 17:08:25,305::CENTER-OUT::INFO::Finished processing state t1_pre enter callbacks.
2022-09-08 17:08:25,306::CENTER-OUT::INFO::Timeout state overshoot processed.
2022-09-08 17:08:25,624::CENTER-OUT::INFO::Finished processing state t1_pre exit callbacks.
2022-09-08 17:08:25,624::CENTER-OUT::INFO::Finished processing state t1_hold_1 enter callbacks.
2022-09-08 17:08:26,088::CENTER-OUT::INFO::Finished processing state t1_hold_1 exit callbacks.
2022-09-08 17:08:26,088::CENTER-OUT::INFO::Finished processing state t1_pre enter callbacks.
2022-09-08 17:08:26,136::CENTER-OUT::INFO::Finished processing state t1_pre exit callbacks.
2022-09-08 17:08:26,136::CENTER-OUT::INFO::Finished processing state t1_hold_1 enter callbacks.
2022-09-08 17:08:26,697::CENTER-OUT::INFO::Finished processing state t1_hold_1 exit callbacks.
2022-09-08 17:08:26,697::CENTER-OUT::INFO::Finished processing state t1_hold_2 enter callbacks.
2022-09-08 17:08:26,697::CENTER-OUT::INFO::Timeout state t1_hold_1 processed.
2022-09-08 17:08:27,367::CENTER-OUT::INFO::Finished processing state t1_hold_2 exit callbacks.
2022-09-08 17:08:27,367::CENTER-OUT::INFO::Finished processing state go enter callbacks.
2022-09-08 17:08:27,368::CENTER-OUT::INFO::Timeout state t1_hold_2 processed.
2022-09-08 17:08:27,703::CENTER-OUT::INFO::Finished processing state go exit callbacks.
2022-09-08 17:08:27,704::CENTER-OUT::INFO::Finished processing state move enter callbacks.
2022-09-08 17:08:27,768::CENTER-OUT::INFO::Finished processing state move exit callbacks.
2022-09-08 17:08:27,768::CENTER-OUT::INFO::Finished processing state t2_hold_1 enter callbacks.
2022-09-08 17:08:27,847::CENTER-OUT::INFO::Finished processing state t2_hold_1 exit callbacks.
2022-09-08 17:08:27,847::CENTER-OUT::INFO::Finished processing state overshoot enter callbacks.
2022-09-08 17:08:28,040::CENTER-OUT::INFO::Finished processing state overshoot exit callbacks.
2022-09-08 17:08:28,040::CENTER-OUT::INFO::Finished processing state t2_hold_1 enter callbacks.
2022-09-08 17:08:28,423::CENTER-OUT::INFO::Finished processing state t2_hold_1 exit callbacks.
2022-09-08 17:08:28,423::CENTER-OUT::INFO::Finished processing state overshoot enter callbacks.
2022-09-08 17:08:28,488::CENTER-OUT::INFO::Finished processing state overshoot exit callbacks.
2022-09-08 17:08:28,488::CENTER-OUT::INFO::Finished processing state t2_hold_1 enter callbacks.
2022-09-08 17:08:29,009::CENTER-OUT::INFO::Finished processing state t2_hold_1 exit callbacks.
2022-09-08 17:08:29,010::CENTER-OUT::INFO::Finished processing state reward enter callbacks.
2022-09-08 17:08:29,013::CENTER-OUT::INFO::Timeout state t2_hold_1 processed.
2022-09-08 17:08:29,304::CENTER-OUT::INFO::Finished processing state reward exit callbacks.
2022-09-08 17:08:29,304::CENTER-OUT::INFO::Finished processing state t1_pre enter callbacks.
2022-09-08 17:08:29,305::CENTER-OUT::INFO::Timeout state reward processed.
2022-09-08 17:08:30,506::CENTER-OUT::INFO::Finished processing state t1_pre exit callbacks.
2022-09-08 17:08:30,506::CENTER-OUT::INFO::Finished processing state t1_hold_1 enter callbacks.
2022-09-08 17:08:30,576::CENTER-OUT::INFO::Finished processing state t1_hold_1 exit callbacks.
2022-09-08 17:08:30,577::CENTER-OUT::INFO::Finished processing state t1_pre enter callbacks.
2022-09-08 17:08:45,599::CENTER-OUT::INFO::Finished processing state t1_pre exit callbacks.
2022-09-08 17:08:45,599::CENTER-OUT::INFO::Finished processing state idle enter callbacks.
